<?xml version="1.0" encoding="UTF-8"?>
<testng-results skipped="0" failed="1" total="2" passed="1">
  <reporter-output>
  </reporter-output>
  <suite name="Suite" duration-ms="51706" started-at="2018-06-29T12:58:25Z" finished-at="2018-06-29T12:59:17Z">
    <groups>
    </groups>
    <test name="Test" duration-ms="48880" started-at="2018-06-29T12:58:25Z" finished-at="2018-06-29T12:59:14Z">
      <class name="COM.Demo">
        <test-method status="FAIL" signature="Fun1(java.lang.String)[pri:0, instance:COM.Demo@6cc58fee]" name="Fun1" duration-ms="48844" started-at="2018-06-29T18:28:25Z" finished-at="2018-06-29T18:29:14Z">
          <params>
            <param index="0">
              <value>
                <![CDATA[Firefox]]>
              </value>
            </param>
          </params>
          <exception class="org.openqa.selenium.WebDriverException">
            <message>
              <![CDATA[Failed to connect to binary FirefoxBinary(C:\Program Files (x86)\Mozilla Firefox\firefox.exe) on port 7055; process output follows: 
JavaScript error: resource://gre/modules/AddonManager.jsm, line 1619543:0 27N7S1_0E9R6R3O3R	_dNdOoTns_.mNanIaTgIeArL	IDZEEBDU:G 	AAdpdpolniMcaantaigoenr  hiass  nboete ni nuiptgiraaldiezded
1
530277109635	addons.manager	ERROR	startup failed: [Exception... "Component returned failure code: 0x80520015 (NS_ERROR_FILE_ACCESS_DENIED) [nsIFile.create]"  nsresult: "0x80520015 (NS_ERROR_FILE_ACCESS_DENIED)"  location: "JS frame :: resource://gre/modules/FileUtils.jsm :: FileUtils_getDir :: line 70"  data: no] Stack trace: FileUtils_getDir()@resource://gre/modules/FileUtils.jsm:70 < FileUtils_getFile()@resource://gre/modules/FileUtils.jsm:42 < AMI_validateBlocklist()@resource://gre/modules/AddonManager.jsm:738 < AMI_startup()@resource://gre/modules/AddonManager.jsm:898 < AMP_startup()@resource://gre/modules/AddonManager.jsm:2673 < AMC_observe()@resource://gre/components/addonManager.js:58 < <file:unknown>
1530277109636	addons.manager	DEBUG	Completed startup sequence
JavaScript error: resource:///modules/devtools/gDevTools.jsm, line 967: NS_ERROR_UNEXPECTED: Component returned failure code: 0x8000ffff (NS_ERROR_UNEXPECTED) [nsIPrefBranch.getCharPref]

Build info: version: '2.53.0', revision: '35ae25b', time: '2016-03-15 17:00:58'
System info: host: 'VAD011020105', ip: '204.61.66.5', os.name: 'Windows 7', os.arch: 'amd64', os.version: '6.1', java.version: '1.7.0_45'
Driver info: driver.version: FirefoxDriver]]>
            </message>
            <full-stacktrace>
              <![CDATA[org.openqa.selenium.WebDriverException: Failed to connect to binary FirefoxBinary(C:\Program Files (x86)\Mozilla Firefox\firefox.exe) on port 7055; process output follows: 
JavaScript error: resource://gre/modules/AddonManager.jsm, line 1619543:0 27N7S1_0E9R6R3O3R	_dNdOoTns_.mNanIaTgIeArL	IDZEEBDU:G 	AAdpdpolniMcaantaigoenr  hiass  nboete ni nuiptgiraaldiezded
1
530277109635	addons.manager	ERROR	startup failed: [Exception... "Component returned failure code: 0x80520015 (NS_ERROR_FILE_ACCESS_DENIED) [nsIFile.create]"  nsresult: "0x80520015 (NS_ERROR_FILE_ACCESS_DENIED)"  location: "JS frame :: resource://gre/modules/FileUtils.jsm :: FileUtils_getDir :: line 70"  data: no] Stack trace: FileUtils_getDir()@resource://gre/modules/FileUtils.jsm:70 < FileUtils_getFile()@resource://gre/modules/FileUtils.jsm:42 < AMI_validateBlocklist()@resource://gre/modules/AddonManager.jsm:738 < AMI_startup()@resource://gre/modules/AddonManager.jsm:898 < AMP_startup()@resource://gre/modules/AddonManager.jsm:2673 < AMC_observe()@resource://gre/components/addonManager.js:58 < <file:unknown>
1530277109636	addons.manager	DEBUG	Completed startup sequence
JavaScript error: resource:///modules/devtools/gDevTools.jsm, line 967: NS_ERROR_UNEXPECTED: Component returned failure code: 0x8000ffff (NS_ERROR_UNEXPECTED) [nsIPrefBranch.getCharPref]

Build info: version: '2.53.0', revision: '35ae25b', time: '2016-03-15 17:00:58'
System info: host: 'VAD011020105', ip: '204.61.66.5', os.name: 'Windows 7', os.arch: 'amd64', os.version: '6.1', java.version: '1.7.0_45'
Driver info: driver.version: FirefoxDriver
	at org.openqa.selenium.firefox.internal.NewProfileExtensionConnection.start(NewProfileExtensionConnection.java:124)
	at org.openqa.selenium.firefox.FirefoxDriver.startClient(FirefoxDriver.java:271)
	at org.openqa.selenium.remote.RemoteWebDriver.<init>(RemoteWebDriver.java:119)
	at org.openqa.selenium.firefox.FirefoxDriver.<init>(FirefoxDriver.java:218)
	at org.openqa.selenium.firefox.FirefoxDriver.<init>(FirefoxDriver.java:211)
	at org.openqa.selenium.firefox.FirefoxDriver.<init>(FirefoxDriver.java:207)
	at org.openqa.selenium.firefox.FirefoxDriver.<init>(FirefoxDriver.java:120)
	at COM.Demo.Fun1(Demo.java:17)
	at sun.reflect.NativeMethodAccessorImpl.invoke0(Native Method)
	at sun.reflect.NativeMethodAccessorImpl.invoke(NativeMethodAccessorImpl.java:57)
	at sun.reflect.DelegatingMethodAccessorImpl.invoke(DelegatingMethodAccessorImpl.java:43)
	at java.lang.reflect.Method.invoke(Method.java:606)
	at org.testng.internal.MethodInvocationHelper.invokeMethod(MethodInvocationHelper.java:85)
	at org.testng.internal.Invoker.invokeMethod(Invoker.java:639)
	at org.testng.internal.Invoker.invokeTestMethod(Invoker.java:816)
	at org.testng.internal.Invoker.invokeTestMethods(Invoker.java:1124)
	at org.testng.internal.TestMethodWorker.invokeTestMethods(TestMethodWorker.java:125)
	at org.testng.internal.TestMethodWorker.run(TestMethodWorker.java:108)
	at org.testng.TestRunner.privateRun(TestRunner.java:774)
	at org.testng.TestRunner.run(TestRunner.java:624)
	at org.testng.SuiteRunner.runTest(SuiteRunner.java:359)
	at org.testng.SuiteRunner.runSequentially(SuiteRunner.java:354)
	at org.testng.SuiteRunner.privateRun(SuiteRunner.java:312)
	at org.testng.SuiteRunner.run(SuiteRunner.java:261)
	at org.testng.SuiteRunnerWorker.runSuite(SuiteRunnerWorker.java:52)
	at org.testng.SuiteRunnerWorker.run(SuiteRunnerWorker.java:86)
	at org.testng.TestNG.runSuitesSequentially(TestNG.java:1215)
	at org.testng.TestNG.runSuitesLocally(TestNG.java:1140)
	at org.testng.TestNG.run(TestNG.java:1048)
	at org.testng.remote.AbstractRemoteTestNG.run(AbstractRemoteTestNG.java:114)
	at org.testng.remote.RemoteTestNG.initAndRun(RemoteTestNG.java:251)
	at org.testng.remote.RemoteTestNG.main(RemoteTestNG.java:77)
Caused by: org.openqa.selenium.firefox.NotConnectedException: Unable to connect to host 127.0.0.1 on port 7055 after 45000 ms. Firefox console output:
JavaScript error: resource://gre/modules/AddonManager.jsm, line 1619543:0 27N7S1_0E9R6R3O3R	_dNdOoTns_.mNanIaTgIeArL	IDZEEBDU:G 	AAdpdpolniMcaantaigoenr  hiass  nboete ni nuiptgiraaldiezded
1
530277109635	addons.manager	ERROR	startup failed: [Exception... "Component returned failure code: 0x80520015 (NS_ERROR_FILE_ACCESS_DENIED) [nsIFile.create]"  nsresult: "0x80520015 (NS_ERROR_FILE_ACCESS_DENIED)"  location: "JS frame :: resource://gre/modules/FileUtils.jsm :: FileUtils_getDir :: line 70"  data: no] Stack trace: FileUtils_getDir()@resource://gre/modules/FileUtils.jsm:70 < FileUtils_getFile()@resource://gre/modules/FileUtils.jsm:42 < AMI_validateBlocklist()@resource://gre/modules/AddonManager.jsm:738 < AMI_startup()@resource://gre/modules/AddonManager.jsm:898 < AMP_startup()@resource://gre/modules/AddonManager.jsm:2673 < AMC_observe()@resource://gre/components/addonManager.js:58 < <file:unknown>
1530277109636	addons.manager	DEBUG	Completed startup sequence
JavaScript error: resource:///modules/devtools/gDevTools.jsm, line 967: NS_ERROR_UNEXPECTED: Component returned failure code: 0x8000ffff (NS_ERROR_UNEXPECTED) [nsIPrefBranch.getCharPref]

	at org.openqa.selenium.firefox.internal.NewProfileExtensionConnection.start(NewProfileExtensionConnection.java:112)
	... 31 more
]]>
            </full-stacktrace>
          </exception> <!-- org.openqa.selenium.WebDriverException -->
          <reporter-output>
          </reporter-output>
        </test-method> <!-- Fun1 -->
      </class> <!-- COM.Demo -->
    </test> <!-- Test -->
    <test name="Test1" duration-ms="2751" started-at="2018-06-29T12:59:14Z" finished-at="2018-06-29T12:59:17Z">
      <class name="COM.Demo">
        <test-method status="PASS" signature="Fun2(java.lang.String)[pri:0, instance:COM.Demo@577b57a3]" name="Fun2" duration-ms="2743" started-at="2018-06-29T18:29:14Z" finished-at="2018-06-29T18:29:17Z">
          <params>
            <param index="0">
              <value>
                <![CDATA[chrome]]>
              </value>
            </param>
          </params>
          <reporter-output>
          </reporter-output>
        </test-method> <!-- Fun2 -->
      </class> <!-- COM.Demo -->
    </test> <!-- Test1 -->
  </suite> <!-- Suite -->
</testng-results>
